-------------------------------------------------------------------------------------------------------------
Beginning run of fsInstaller system on 10/29/19 at 16:23:00                                          --TIME--
-------------------------------------------------------------------------------------------------------------
Initiating ipCreateObject in fsInstaller.w                                                           16:23:01
Completing ipCreateObject in fsInstaller.w                                                           16:23:01
 
Initiating ipConnectDBs in fsInstaller.w                                                             16:23:01
Completing ipConnectDBs in fsInstaller.w                                                             16:23:02
 
Initiating ipCompileBase in fsInstaller.w                                                            16:23:02
**************** PROPATH *****************
C:\asigui\Environments\16.10.0\OverSource,
C:\asigui\Environments\16.10.0\Source,
C:\asigui\Environments\16.10.0\Resources,
C:\asigui\Environments\16.10.0\Source\Addon,
C:\asigui\Environments\16.10.0\Resources\Addon,
C:\asigui\Environments\16.10.0\Source\datadigger,
C:\Progress\OE116_64\gui,
C:\Progress\OE116_64\gui\ablunit.pl,
C:\Progress\OE116_64\gui\adecomm.pl,
C:\Progress\OE116_64\gui\adecomp.pl,
C:\Progress\OE116_64\gui\adedesk.pl,
C:\Progress\OE116_64\gui\adedict.pl,
C:\Progress\OE116_64\gui\adeedit.pl,
C:\Progress\OE116_64\gui\adeicon.pl,
C:\Progress\OE116_64\gui\aderes.pl,
C:\Progress\OE116_64\gui\adeshar.pl,
C:\Progress\OE116_64\gui\adeuib.pl,
C:\Progress\OE116_64\gui\adeweb.pl,
C:\Progress\OE116_64\gui\adexml.pl,
C:\Progress\OE116_64\gui\dataadmin.pl,
C:\Progress\OE116_64\gui\OpenEdge.BusinessLogic.pl,
C:\Progress\OE116_64\gui\OpenEdge.Core.pl,
C:\Progress\OE116_64\gui\OpenEdge.ServerAdmin.pl,
C:\Progress\OE116_64\gui\prodict.pl,
C:\Progress\OE116_64\gui\protools.pl,
C:\Progress\OE116_64,
C:\Progress\OE116_64\bin,
C:\asigui\Environments\,
C:\asigui\Environments\16.10.0\Source\,
C:\asigui\Environments\16.10.0\,
C:\asigui\Environments\16.10.0\OverSource\,
******************************************
  Base Code compile (3 entries) completed with 0 errors                                              16:23:02
Completing ipCompileBase in fsInstaller.w                                                            16:23:02
 
-------------------------------------------------------------------------------------------------------------
Ending run of fsInstaller system on 10/29/19 at 16:23:02                                    Elapsed: 00:00:02
-------------------------------------------------------------------------------------------------------------
 
 
 
