-------------------------------------------------------------------------------------------------------------
Beginning run of fsInstaller system on 03/19/20 at 09:58:46                                          --TIME--
-------------------------------------------------------------------------------------------------------------
Initiating ipCompileBase in fsInstaller.w                                                            09:58:48
**************** PROPATH *****************
C:\asigui\Environments\16.09.01\OverSource,
C:\asigui\Environments\16.09.01\Source,
C:\asigui\Environments\16.09.01\Resources,
C:\asigui\Environments\16.09.01\Source\Addon,
C:\asigui\Environments\16.09.01\Resources\Addon,
C:\asigui\Environments\16.09.01\Source\datadigger,
C:\Progress\OE116_64\gui,
C:\Progress\OE116_64\gui\ablunit.pl,
C:\Progress\OE116_64\gui\adecomm.pl,
C:\Progress\OE116_64\gui\adecomp.pl,
C:\Progress\OE116_64\gui\adedesk.pl,
C:\Progress\OE116_64\gui\adedict.pl,
C:\Progress\OE116_64\gui\adeedit.pl,
C:\Progress\OE116_64\gui\adeicon.pl,
C:\Progress\OE116_64\gui\aderes.pl,
C:\Progress\OE116_64\gui\adeshar.pl,
C:\Progress\OE116_64\gui\adeuib.pl,
C:\Progress\OE116_64\gui\adeweb.pl,
C:\Progress\OE116_64\gui\adexml.pl,
C:\Progress\OE116_64\gui\dataadmin.pl,
C:\Progress\OE116_64\gui\OpenEdge.BusinessLogic.pl,
C:\Progress\OE116_64\gui\OpenEdge.Core.pl,
C:\Progress\OE116_64\gui\OpenEdge.ServerAdmin.pl,
C:\Progress\OE116_64\gui\prodict.pl,
C:\Progress\OE116_64\gui\protools.pl,
C:\Progress\OE116_64,
C:\Progress\OE116_64\bin,
C:\asigui\Environments\,
C:\asigui\Environments\16.9.01\Source\,
C:\asigui\Environments\16.9.01\,
C:\asigui\Environments\16.09.01\Source\,
C:\asigui\Environments\16.09.01\,
******************************************
  Base Code compile (4 entries) completed with 0 errors                                              09:58:49
Completing ipCompileBase in fsInstaller.w                                                            09:58:49
 
-------------------------------------------------------------------------------------------------------------
Ending run of fsInstaller system on 03/19/20 at 09:58:49                                    Elapsed: 00:00:03
-------------------------------------------------------------------------------------------------------------
 
 
 
